\BOOKMARK [1][-]{section.1}{Compiling and Installing Rayleigh}{}% 1
\BOOKMARK [2][-]{subsection.1.1}{Third-Party Dependencies}{section.1}% 2
\BOOKMARK [2][-]{subsection.1.2}{Compilation}{section.1}% 3
\BOOKMARK [2][-]{subsection.1.3}{Verifying Your Installation}{section.1}% 4
\BOOKMARK [1][-]{section.2}{Running the Code}{}% 5
\BOOKMARK [2][-]{subsection.2.1}{Preparation}{section.2}% 6
\BOOKMARK [2][-]{subsection.2.2}{Code Execution and Load-Balancing}{section.2}% 7
\BOOKMARK [3][-]{subsubsection.2.2.1}{Load Balancing}{subsection.2.2}% 8
\BOOKMARK [3][-]{subsubsection.2.2.2}{Specifying Resolution \046 Domain Bounds}{subsection.2.2}% 9
\BOOKMARK [2][-]{subsection.2.3}{Controlling Run Length \046 Time Stepping}{section.2}% 10
\BOOKMARK [1][-]{section.3}{Running a Benchmark}{}% 11
\BOOKMARK [1][-]{section.4}{Physics Controls}{}% 12
\BOOKMARK [2][-]{subsection.4.1}{Anelastic Mode \(dimensional\)}{section.4}% 13
\BOOKMARK [2][-]{subsection.4.2}{Boussinesq Mode \(nondimensional\)}{section.4}% 14
\BOOKMARK [2][-]{subsection.4.3}{Anelastic Mode \(nondimensional\)}{section.4}% 15
\BOOKMARK [2][-]{subsection.4.4}{Boundary Conditions \046 Internal Heating}{section.4}% 16
\BOOKMARK [3][-]{subsubsection.4.4.1}{Internal Heating}{subsection.4.4}% 17
\BOOKMARK [2][-]{subsection.4.5}{General Physics Controls}{section.4}% 18
\BOOKMARK [2][-]{subsection.4.6}{Initializing a Model}{section.4}% 19
\BOOKMARK [1][-]{section.5}{Checkpointing}{}% 20
\BOOKMARK [2][-]{subsection.5.1}{Standard Checkpoints}{section.5}% 21
\BOOKMARK [3][-]{subsubsection.5.1.1}{Generating Standard Checkpoints}{subsection.5.1}% 22
\BOOKMARK [3][-]{subsubsection.5.1.2}{Restarts From Standard Checkpoints}{subsection.5.1}% 23
\BOOKMARK [2][-]{subsection.5.2}{Quicksaves}{section.5}% 24
\BOOKMARK [3][-]{subsubsection.5.2.1}{1.2.1 Generating Quicksaves}{subsection.5.2}% 25
\BOOKMARK [3][-]{subsubsection.5.2.2}{1.2.2 Restarting from Quicksaves}{subsection.5.2}% 26
\BOOKMARK [2][-]{subsection.5.3}{1.3 Checkpoint Logs}{section.5}% 27
\BOOKMARK [1][-]{section.6}{Diagnostic Outputs}{}% 28
\BOOKMARK [1][-]{section.7}{I/O Redirection}{}% 29
\BOOKMARK [1][-]{section.8}{Ensemble Mode}{}% 30
\BOOKMARK [1][-]{section.9}{Acknowledging Rayleigh}{}% 31
